This file contains any messages produced by compilers while
running configure, to aid debugging if configure makes a mistake.

It was created by IOTK configure 0.1, which was
generated by GNU Autoconf 2.63.  Invocation command line was

  $ tools/configure FC=gfortran IOTK_REAL_KINDS=ALL

## --------- ##
## Platform. ##
## --------- ##

hostname = doncamillo
uname -m = x86_64
uname -r = 4.15.0-171-generic
uname -s = Linux
uname -v = #180-Ubuntu SMP Wed Mar 2 17:25:05 UTC 2022

/usr/bin/uname -p = unknown
/bin/uname -X     = unknown

/bin/arch              = unknown
/usr/bin/arch -k       = unknown
/usr/convex/getsysinfo = unknown
/usr/bin/hostinfo      = unknown
/bin/machine           = unknown
/usr/bin/oslevel       = unknown
/bin/universe          = unknown

PATH: /home/apintus/.local/bin
PATH: /usr/local/sbin
PATH: /usr/local/bin
PATH: /usr/sbin
PATH: /usr/bin
PATH: /sbin
PATH: /bin
PATH: /usr/games
PATH: /usr/local/games
PATH: /snap/bin
PATH: /home/apintus/AGWX/bin/


## ----------- ##
## Core tests. ##
## ----------- ##

configure:1882: checking for Fortran compiler version
configure:1890: gfortran --version >&5
GNU Fortran (Ubuntu 7.5.0-3ubuntu1~18.04) 7.5.0
Copyright (C) 2017 Free Software Foundation, Inc.
This is free software; see the source for copying conditions.  There is NO
warranty; not even for MERCHANTABILITY or FITNESS FOR A PARTICULAR PURPOSE.

configure:1894: $? = 0
configure:1901: gfortran -v >&5
Using built-in specs.
COLLECT_GCC=gfortran
COLLECT_LTO_WRAPPER=/usr/lib/gcc/x86_64-linux-gnu/7/lto-wrapper
OFFLOAD_TARGET_NAMES=nvptx-none
OFFLOAD_TARGET_DEFAULT=1
Target: x86_64-linux-gnu
Configured with: ../src/configure -v --with-pkgversion='Ubuntu 7.5.0-3ubuntu1~18.04' --with-bugurl=file:///usr/share/doc/gcc-7/README.Bugs --enable-languages=c,ada,c++,go,brig,d,fortran,objc,obj-c++ --prefix=/usr --with-gcc-major-version-only --program-suffix=-7 --program-prefix=x86_64-linux-gnu- --enable-shared --enable-linker-build-id --libexecdir=/usr/lib --without-included-gettext --enable-threads=posix --libdir=/usr/lib --enable-nls --enable-bootstrap --enable-clocale=gnu --enable-libstdcxx-debug --enable-libstdcxx-time=yes --with-default-libstdcxx-abi=new --enable-gnu-unique-object --disable-vtable-verify --enable-libmpx --enable-plugin --enable-default-pie --with-system-zlib --with-target-system-zlib --enable-objc-gc=auto --enable-multiarch --disable-werror --with-arch-32=i686 --with-abi=m64 --with-multilib-list=m32,m64,mx32 --enable-multilib --with-tune=generic --enable-offload-targets=nvptx-none --without-cuda-driver --enable-checking=release --build=x86_64-linux-gnu --host=x86_64-linux-gnu --target=x86_64-linux-gnu
Thread model: posix
gcc version 7.5.0 (Ubuntu 7.5.0-3ubuntu1~18.04) 
configure:1905: $? = 0
configure:1912: gfortran -V >&5
gfortran: error: unrecognized command line option '-V'
gfortran: fatal error: no input files
compilation terminated.
configure:1916: $? = 1
configure:1930: checking for Fortran compiler default output file name
configure:1952: gfortran    conftest.f  >&5
configure:1956: $? = 0
configure:1994: result: a.out
configure:2013: checking whether the Fortran compiler works
configure:2023: ./a.out
configure:2027: $? = 0
configure:2046: result: yes
configure:2053: checking whether we are cross compiling
configure:2055: result: no
configure:2058: checking for suffix of executables
configure:2065: gfortran -o conftest    conftest.f  >&5
configure:2069: $? = 0
configure:2095: result: 
configure:2101: checking for suffix of object files
configure:2117: gfortran -c   conftest.f >&5
configure:2121: $? = 0
configure:2146: result: o
configure:2154: checking whether we are using the GNU Fortran compiler
configure:2173: gfortran -c   conftest.F >&5
configure:2180: $? = 0
configure:2197: result: yes
configure:2203: checking whether gfortran accepts -g
configure:2220: gfortran -c -g  conftest.f >&5
configure:2227: $? = 0
configure:2243: result: yes
configure:2281: checking for Fortran flag to compile .f90 files
configure:2303: gfortran -c -g -O2  conftest.f90 >&5
configure:2310: $? = 0
configure:2329: result: none
configure:2353: checking intrinsic FORTRAN kinds
configure:2382: checking intrinsic type INTEGER(kind=kind(1))
configure:2410: gfortran -o conftest -g -O2   conftest.f90  >&5
configure:2414: $? = 0
configure:2420: ./conftest
configure:2424: $? = 0
configure:2446: result: yes
configure:2464: Eliminating duplicates
configure:2382: checking intrinsic type LOGICAL(kind=kind(.true.))
configure:2410: gfortran -o conftest -g -O2   conftest.f90  >&5
configure:2414: $? = 0
configure:2420: ./conftest
configure:2424: $? = 0
configure:2446: result: yes
configure:2464: Eliminating duplicates
configure:2382: checking intrinsic type REAL(kind=1)
configure:2410: gfortran -o conftest -g -O2   conftest.f90  >&5
conftest.f90:4:18:

       REAL (kind=1) :: try
                  1
Error: Kind 1 not supported for type REAL at (1)
conftest.f90:6:17:

       if(kind(try)==1) write(10,"(a,i8)") "KIND=",kind(try)
                 1
Error: Symbol 'try' at (1) has no IMPLICIT type
configure:2414: $? = 1
configure: program exited with status 1
configure: failed program was:
| 
|     program pippo
|       implicit none
|       REAL (kind=1) :: try
|       open(10,file="test.txt")
|       if(kind(try)==1) write(10,"(a,i8)") "KIND=",kind(try)
|       close(10)
|     end program pippo
| 
configure:2454: result: no
configure:2382: checking intrinsic type REAL(kind=2)
configure:2410: gfortran -o conftest -g -O2   conftest.f90  >&5
conftest.f90:4:18:

       REAL (kind=2) :: try
                  1
Error: Kind 2 not supported for type REAL at (1)
conftest.f90:6:17:

       if(kind(try)==2) write(10,"(a,i8)") "KIND=",kind(try)
                 1
Error: Symbol 'try' at (1) has no IMPLICIT type
configure:2414: $? = 1
configure: program exited with status 1
configure: failed program was:
| 
|     program pippo
|       implicit none
|       REAL (kind=2) :: try
|       open(10,file="test.txt")
|       if(kind(try)==2) write(10,"(a,i8)") "KIND=",kind(try)
|       close(10)
|     end program pippo
| 
configure:2454: result: no
configure:2382: checking intrinsic type REAL(kind=3)
configure:2410: gfortran -o conftest -g -O2   conftest.f90  >&5
conftest.f90:4:18:

       REAL (kind=3) :: try
                  1
Error: Kind 3 not supported for type REAL at (1)
conftest.f90:6:17:

       if(kind(try)==3) write(10,"(a,i8)") "KIND=",kind(try)
                 1
Error: Symbol 'try' at (1) has no IMPLICIT type
configure:2414: $? = 1
configure: program exited with status 1
configure: failed program was:
| 
|     program pippo
|       implicit none
|       REAL (kind=3) :: try
|       open(10,file="test.txt")
|       if(kind(try)==3) write(10,"(a,i8)") "KIND=",kind(try)
|       close(10)
|     end program pippo
| 
configure:2454: result: no
configure:2382: checking intrinsic type REAL(kind=4)
configure:2410: gfortran -o conftest -g -O2   conftest.f90  >&5
configure:2414: $? = 0
configure:2420: ./conftest
configure:2424: $? = 0
configure:2446: result: yes
configure:2382: checking intrinsic type REAL(kind=5)
configure:2410: gfortran -o conftest -g -O2   conftest.f90  >&5
conftest.f90:4:18:

       REAL (kind=5) :: try
                  1
Error: Kind 5 not supported for type REAL at (1)
conftest.f90:6:17:

       if(kind(try)==5) write(10,"(a,i8)") "KIND=",kind(try)
                 1
Error: Symbol 'try' at (1) has no IMPLICIT type
configure:2414: $? = 1
configure: program exited with status 1
configure: failed program was:
| 
|     program pippo
|       implicit none
|       REAL (kind=5) :: try
|       open(10,file="test.txt")
|       if(kind(try)==5) write(10,"(a,i8)") "KIND=",kind(try)
|       close(10)
|     end program pippo
| 
configure:2454: result: no
configure:2382: checking intrinsic type REAL(kind=6)
configure:2410: gfortran -o conftest -g -O2   conftest.f90  >&5
conftest.f90:4:18:

       REAL (kind=6) :: try
                  1
Error: Kind 6 not supported for type REAL at (1)
conftest.f90:6:17:

       if(kind(try)==6) write(10,"(a,i8)") "KIND=",kind(try)
                 1
Error: Symbol 'try' at (1) has no IMPLICIT type
configure:2414: $? = 1
configure: program exited with status 1
configure: failed program was:
| 
|     program pippo
|       implicit none
|       REAL (kind=6) :: try
|       open(10,file="test.txt")
|       if(kind(try)==6) write(10,"(a,i8)") "KIND=",kind(try)
|       close(10)
|     end program pippo
| 
configure:2454: result: no
configure:2382: checking intrinsic type REAL(kind=7)
configure:2410: gfortran -o conftest -g -O2   conftest.f90  >&5
conftest.f90:4:18:

       REAL (kind=7) :: try
                  1
Error: Kind 7 not supported for type REAL at (1)
conftest.f90:6:17:

       if(kind(try)==7) write(10,"(a,i8)") "KIND=",kind(try)
                 1
Error: Symbol 'try' at (1) has no IMPLICIT type
configure:2414: $? = 1
configure: program exited with status 1
configure: failed program was:
| 
|     program pippo
|       implicit none
|       REAL (kind=7) :: try
|       open(10,file="test.txt")
|       if(kind(try)==7) write(10,"(a,i8)") "KIND=",kind(try)
|       close(10)
|     end program pippo
| 
configure:2454: result: no
configure:2382: checking intrinsic type REAL(kind=8)
configure:2410: gfortran -o conftest -g -O2   conftest.f90  >&5
configure:2414: $? = 0
configure:2420: ./conftest
configure:2424: $? = 0
configure:2446: result: yes
configure:2382: checking intrinsic type REAL(kind=10)
configure:2410: gfortran -o conftest -g -O2   conftest.f90  >&5
configure:2414: $? = 0
configure:2420: ./conftest
configure:2424: $? = 0
configure:2446: result: yes
configure:2382: checking intrinsic type REAL(kind=12)
configure:2410: gfortran -o conftest -g -O2   conftest.f90  >&5
conftest.f90:4:19:

       REAL (kind=12) :: try
                   1
Error: Kind 12 not supported for type REAL at (1)
conftest.f90:6:17:

       if(kind(try)==12) write(10,"(a,i8)") "KIND=",kind(try)
                 1
Error: Symbol 'try' at (1) has no IMPLICIT type
configure:2414: $? = 1
configure: program exited with status 1
configure: failed program was:
| 
|     program pippo
|       implicit none
|       REAL (kind=12) :: try
|       open(10,file="test.txt")
|       if(kind(try)==12) write(10,"(a,i8)") "KIND=",kind(try)
|       close(10)
|     end program pippo
| 
configure:2454: result: no
configure:2382: checking intrinsic type REAL(kind=16)
configure:2410: gfortran -o conftest -g -O2   conftest.f90  >&5
configure:2414: $? = 0
configure:2420: ./conftest
configure:2424: $? = 0
configure:2446: result: yes
configure:2382: checking intrinsic type REAL(kind=24)
configure:2410: gfortran -o conftest -g -O2   conftest.f90  >&5
conftest.f90:4:19:

       REAL (kind=24) :: try
                   1
Error: Kind 24 not supported for type REAL at (1)
conftest.f90:6:17:

       if(kind(try)==24) write(10,"(a,i8)") "KIND=",kind(try)
                 1
Error: Symbol 'try' at (1) has no IMPLICIT type
configure:2414: $? = 1
configure: program exited with status 1
configure: failed program was:
| 
|     program pippo
|       implicit none
|       REAL (kind=24) :: try
|       open(10,file="test.txt")
|       if(kind(try)==24) write(10,"(a,i8)") "KIND=",kind(try)
|       close(10)
|     end program pippo
| 
configure:2454: result: no
configure:2382: checking intrinsic type REAL(kind=32)
configure:2410: gfortran -o conftest -g -O2   conftest.f90  >&5
conftest.f90:4:19:

       REAL (kind=32) :: try
                   1
Error: Kind 32 not supported for type REAL at (1)
conftest.f90:6:17:

       if(kind(try)==32) write(10,"(a,i8)") "KIND=",kind(try)
                 1
Error: Symbol 'try' at (1) has no IMPLICIT type
configure:2414: $? = 1
configure: program exited with status 1
configure: failed program was:
| 
|     program pippo
|       implicit none
|       REAL (kind=32) :: try
|       open(10,file="test.txt")
|       if(kind(try)==32) write(10,"(a,i8)") "KIND=",kind(try)
|       close(10)
|     end program pippo
| 
configure:2454: result: no
configure:2464: Eliminating duplicates
configure:2505: checking for known bugs
configure:2509: checking bug in non-advancing read
configure:2562: gfortran -o conftest -g -O2   conftest.f90  >&5
configure:2566: $? = 0
configure:2572: ./conftest
configure:2576: $? = 0
configure:2597: result: no
configure:2612: checking bug in converting between logical(2) and logical(8) (if they exist)
configure:2633: gfortran -c -g -O2  conftest.f90 >&5
configure:2640: $? = 0
configure:2657: result: no
configure:2668: checking bug in pack
configure:2711: gfortran -o conftest -g -O2   conftest.f90  >&5
configure:2715: $? = 0
configure:2721: ./conftest
configure:2725: $? = 0
configure:2746: result: no
configure:2764: checking other bug in pack
configure:2788: gfortran -c -g -O2  conftest.f90 >&5
configure:2795: $? = 0
configure:2812: result: no
configure:2822: checking huge(1_1) does not compile as a parameter
configure:2839: gfortran -c -g -O2  conftest.f90 >&5
configure:2846: $? = 0
configure:2863: result: no
configure:2872: checking bug in intent
configure:2890: gfortran -c -g -O2  conftest.f90 >&5
configure:2897: $? = 0
configure:2913: result: no
configure:3095: creating ./config.status

## ---------------------- ##
## Running config.status. ##
## ---------------------- ##

This file was extended by IOTK config.status 0.1, which was
generated by GNU Autoconf 2.63.  Invocation command line was

  CONFIG_FILES    = 
  CONFIG_HEADERS  = 
  CONFIG_LINKS    = 
  CONFIG_COMMANDS = 
  $ ./config.status 

on doncamillo

config.status:666: creating ./include/iotk_config.h

## ---------------- ##
## Cache variables. ##
## ---------------- ##

ac_cv_env_FCFLAGS_set=
ac_cv_env_FCFLAGS_value=
ac_cv_env_FC_set=set
ac_cv_env_FC_value=gfortran
ac_cv_env_LDFLAGS_set=
ac_cv_env_LDFLAGS_value=
ac_cv_env_LIBS_set=
ac_cv_env_LIBS_value=
ac_cv_env_build_alias_set=
ac_cv_env_build_alias_value=
ac_cv_env_host_alias_set=
ac_cv_env_host_alias_value=
ac_cv_env_target_alias_set=
ac_cv_env_target_alias_value=
ac_cv_fc_compiler_gnu=yes
ac_cv_fc_srcext_f90=none
ac_cv_objext=o
ac_cv_prog_fc_g=yes

## ----------------- ##
## Output variables. ##
## ----------------- ##

DEFS='-DPACKAGE_NAME=\"IOTK\" -DPACKAGE_TARNAME=\"iotk\" -DPACKAGE_VERSION=\"0.1\" -DPACKAGE_STRING=\"IOTK\ 0.1\" -DPACKAGE_BUGREPORT=\"\"'
ECHO_C=''
ECHO_N='-n'
ECHO_T=''
EXEEXT=''
FC='gfortran'
FCFLAGS='-g -O2'
FCFLAGS_f90=''
IOTK_BUGS=''
IOTK_INTEGER1='#define __IOTK_INTEGER1 4'
IOTK_INTEGER2=''
IOTK_INTEGER3=''
IOTK_INTEGER4=''
IOTK_INTEGER=''
IOTK_LOGICAL1='#define __IOTK_LOGICAL1 4'
IOTK_LOGICAL2=''
IOTK_LOGICAL3=''
IOTK_LOGICAL4=''
IOTK_LOGICAL=''
IOTK_MAX_RANK=''
IOTK_REAL1='#define __IOTK_REAL1 4'
IOTK_REAL2='#define __IOTK_REAL2 8'
IOTK_REAL3='#define __IOTK_REAL3 10'
IOTK_REAL4='#define __IOTK_REAL4 16'
IOTK_REAL=''
IOTK_WORKAROUND1=''
IOTK_WORKAROUND2=''
IOTK_WORKAROUND3=''
IOTK_WORKAROUND4=''
IOTK_WORKAROUND5=''
IOTK_WORKAROUND6=''
IOTK_WORKAROUND7=''
IOTK_WORKAROUND8=''
IOTK_WORKAROUND9=''
LDFLAGS=''
LIBOBJS=''
LIBS=''
LTLIBOBJS=''
OBJEXT='o'
PACKAGE_BUGREPORT=''
PACKAGE_NAME='IOTK'
PACKAGE_STRING='IOTK 0.1'
PACKAGE_TARNAME='iotk'
PACKAGE_VERSION='0.1'
PATH_SEPARATOR=':'
SHELL='/bin/bash'
ac_ct_FC=''
bindir='${exec_prefix}/bin'
build_alias=''
datadir='${datarootdir}'
datarootdir='${prefix}/share'
docdir='${datarootdir}/doc/${PACKAGE_TARNAME}'
dvidir='${docdir}'
exec_prefix='${prefix}'
host_alias=''
htmldir='${docdir}'
includedir='${prefix}/include'
infodir='${datarootdir}/info'
libdir='${exec_prefix}/lib'
libexecdir='${exec_prefix}/libexec'
localedir='${datarootdir}/locale'
localstatedir='${prefix}/var'
mandir='${datarootdir}/man'
oldincludedir='/usr/include'
pdfdir='${docdir}'
prefix='/usr/local'
program_transform_name='s,x,x,'
psdir='${docdir}'
sbindir='${exec_prefix}/sbin'
sharedstatedir='${prefix}/com'
sysconfdir='${prefix}/etc'
target_alias=''

## ----------- ##
## confdefs.h. ##
## ----------- ##

#define PACKAGE_NAME "IOTK"
#define PACKAGE_TARNAME "iotk"
#define PACKAGE_VERSION "0.1"
#define PACKAGE_STRING "IOTK 0.1"
#define PACKAGE_BUGREPORT ""

configure: exit 0
